Invalid type for parameter RequestItems.meta, value: OrderedDict([(u'timestamp', u'2021-09-04T08:26:24.692337Z'), (u'stations_updated', u'2021-09-03')]), type: <class 'collections.OrderedDict'>, valid types: <type 'list'>, <type 'tuple'>
Invalid type for parameter RequestItems.altimeter, value: OrderedDict([(u'repr', u'Q1019'), (u'value', 1019), (u'spoken', u'one zero one nine')]), type: <class 'collections.OrderedDict'>, valid types: <type 'list'>, <type 'tuple'>
Invalid length for parameter RequestItems.clouds, value: 0, valid range: 1-inf
Invalid type for parameter RequestItems.flight_rules, value: VFR, type: <type 'unicode'>, valid types: <type 'list'>, <type 'tuple'>
Invalid length for parameter RequestItems.other, value: 0, valid range: 1-inf
Invalid type for parameter RequestItems.visibility, value: OrderedDict([(u'repr', u'CAVOK'), (u'value', 9999), (u'spoken', u'ceiling and visibility ok')]), type: <class 'collections.OrderedDict'>, valid types: <type 'list'>, <type 'tuple'>
Invalid type for parameter RequestItems.wind_direction, value: OrderedDict([(u'repr', u'VRB'), (u'value', None), (u'spoken', u'variable')]), type: <class 'collections.OrderedDict'>, valid types: <type 'list'>, <type 'tuple'>
Invalid type for parameter RequestItems.wind_gust, value: None, type: <type 'NoneType'>, valid types: <type 'list'>, <type 'tuple'>
Invalid type for parameter RequestItems.wind_speed, value: OrderedDict([(u'repr', u'02'), (u'value', 2), (u'spoken', u'two')]), type: <class 'collections.OrderedDict'>, valid types: <type 'list'>, <type 'tuple'>
Invalid length for parameter RequestItems.wx_codes, value: 0, valid range: 1-inf
Invalid type for parameter RequestItems.raw, value: EDDM 040820Z VRB02KT CAVOK 17/13 Q1019 BECMG 08005KT, type: <type 'unicode'>, valid types: <type 'list'>, <type 'tuple'>
Invalid type for parameter RequestItems.sanitized, value: EDDM 040820Z VRB02KT CAVOK 17/13 Q1019 BECMG 08005KT, type: <type 'unicode'>, valid types: <type 'list'>, <type 'tuple'>
Invalid type for parameter RequestItems.station, value: EDDM, type: <type 'unicode'>, valid types: <type 'list'>, <type 'tuple'>
Invalid type for parameter RequestItems.time, value: OrderedDict([(u'repr', u'040820Z'), (u'dt', u'2021-09-04T08:20:00Z')]), type: <class 'collections.OrderedDict'>, valid types: <type 'list'>, <type 'tuple'>
Invalid type for parameter RequestItems.remarks, value: BECMG 08005KT, type: <type 'unicode'>, valid types: <type 'list'>, <type 'tuple'>
Invalid type for parameter RequestItems.dewpoint, value: OrderedDict([(u'repr', u'13'), (u'value', 13), (u'spoken', u'one three')]), type: <class 'collections.OrderedDict'>, valid types: <type 'list'>, <type 'tuple'>
Invalid type for parameter RequestItems.relative_humidity, value: 0.772925167252, type: <type 'float'>, valid types: <type 'list'>, <type 'tuple'>
Invalid type for parameter RequestItems.remarks_info, value: OrderedDict([(u'maximum_temperature_6', None), (u'minimum_temperature_6', None), (u'pressure_tendency', None), (u'precip_36_hours', None), (u'precip_24_hours', None), (u'sunshine_minutes', None), (u'codes', []), (u'dewpoint_decimal', None), (u'maximum_temperature_24', None), (u'minimum_temperature_24', None), (u'precip_hourly', None), (u'sea_level_pressure', None), (u'snow_depth', None), (u'temperature_decimal', None)]), type: <class 'collections.OrderedDict'>, valid types: <type 'list'>, <type 'tuple'>
Invalid length for parameter RequestItems.runway_visibility, value: 0, valid range: 1-inf
Invalid type for parameter RequestItems.temperature, value: OrderedDict([(u'repr', u'17'), (u'value', 17), (u'spoken', u'one seven')]), type: <class 'collections.OrderedDict'>, valid types: <type 'list'>, <type 'tuple'>
Invalid length for parameter RequestItems.wind_variable_direction, value: 0, valid range: 1-inf
Invalid type for parameter RequestItems.density_altitude, value: 1913, type: <type 'int'>, valid types: <type 'list'>, <type 'tuple'>
Invalid type for parameter RequestItems.pressure_altitude, value: 1316, type: <type 'int'>, valid types: <type 'list'>, <type 'tuple'>
Invalid type for parameter RequestItems.units, value: OrderedDict([(u'accumulation', u'in'), (u'altimeter', u'hPa'), (u'altitude', u'ft'), (u'temperature', u'C'), (u'visibility', u'm'), (u'wind_speed', u'kt')]), type: <class 'collections.OrderedDict'>, valid types: <type 'list'>, <type 'tuple'>
